[    15.439] (--) Log file renamed from "/home/decimal/.local/share/xorg/Xorg.pid-1485.log" to "/home/decimal/.local/share/xorg/Xorg.0.log"
[    15.439] 
X.Org X Server 1.20.13
X Protocol Version 11, Revision 0
[    15.439] Build Operating System: linux Ubuntu
[    15.439] Current Operating System: Linux Dec1575 5.13.0-27-generic #29~20.04.1-Ubuntu SMP Fri Jan 14 00:32:30 UTC 2022 x86_64
[    15.439] Kernel command line: BOOT_IMAGE=/boot/vmlinuz-5.13.0-27-generic root=UUID=418d2685-0b17-4aa3-8798-ffeb5ad5370d ro quiet splash vt.handoff=7
[    15.439] Build Date: 14 December 2021  02:14:13PM
[    15.439] xorg-server 2:1.20.13-1ubuntu1~20.04.2 (For technical support please see http://www.ubuntu.com/support) 
[    15.439] Current version of pixman: 0.38.4
[    15.439] 	Before reporting problems, check http://wiki.x.org
	to make sure that you have the latest version.
[    15.439] Markers: (--) probed, (**) from config file, (==) default setting,
	(++) from command line, (!!) notice, (II) informational,
	(WW) warning, (EE) error, (NI) not implemented, (??) unknown.
[    15.439] (==) Log file: "/home/decimal/.local/share/xorg/Xorg.0.log", Time: Tue Jan 25 18:53:29 2022
[    15.440] (==) Using system config directory "/usr/share/X11/xorg.conf.d"
[    15.440] (==) No Layout section.  Using the first Screen section.
[    15.440] (==) No screen section available. Using defaults.
[    15.440] (**) |-->Screen "Default Screen Section" (0)
[    15.440] (**) |   |-->Monitor "<default monitor>"
[    15.441] (==) No monitor specified for screen "Default Screen Section".
	Using a default monitor configuration.
[    15.441] (==) Automatically adding devices
[    15.441] (==) Automatically enabling devices
[    15.441] (==) Automatically adding GPU devices
[    15.441] (==) Automatically binding GPU devices
[    15.441] (==) Max clients allowed: 256, resource mask: 0x1fffff
[    15.441] (WW) The directory "/usr/share/fonts/X11/cyrillic" does not exist.
[    15.441] 	Entry deleted from font path.
[    15.441] (WW) The directory "/usr/share/fonts/X11/100dpi/" does not exist.
[    15.441] 	Entry deleted from font path.
[    15.441] (WW) The directory "/usr/share/fonts/X11/75dpi/" does not exist.
[    15.441] 	Entry deleted from font path.
[    15.441] (WW) The directory "/usr/share/fonts/X11/100dpi" does not exist.
[    15.441] 	Entry deleted from font path.
[    15.441] (WW) The directory "/usr/share/fonts/X11/75dpi" does not exist.
[    15.441] 	Entry deleted from font path.
[    15.441] (==) FontPath set to:
	/usr/share/fonts/X11/misc,
	/usr/share/fonts/X11/Type1,
	built-ins
[    15.441] (==) ModulePath set to "/usr/lib/xorg/modules"
[    15.441] (II) The server relies on udev to provide the list of input devices.
	If no devices become available, reconfigure udev or disable AutoAddDevices.
[    15.441] (II) Loader magic: 0x56278d2f5020
[    15.441] (II) Module ABI versions:
[    15.441] 	X.Org ANSI C Emulation: 0.4
[    15.441] 	X.Org Video Driver: 24.1
[    15.441] 	X.Org XInput driver : 24.1
[    15.441] 	X.Org Server Extension : 10.0
[    15.442] (++) using VT number 2

[    15.443] (II) systemd-logind: took control of session /org/freedesktop/login1/session/_32
[    15.444] (II) xfree86: Adding drm device (/dev/dri/card0)
[    15.444] (II) systemd-logind: got fd for /dev/dri/card0 226:0 fd 12 paused 0
[    15.445] (--) PCI:*(0@0:2:0) 8086:8a56:103c:868c rev 7, Mem @ 0x6000000000/16777216, 0x4000000000/268435456, I/O @ 0x00005000/64, BIOS @ 0x????????/131072
[    15.446] (II) LoadModule: "glx"
[    15.447] (II) Loading /usr/lib/xorg/modules/extensions/libglx.so
[    15.448] (II) Module glx: vendor="X.Org Foundation"
[    15.448] 	compiled for 1.20.13, module version = 1.0.0
[    15.448] 	ABI class: X.Org Server Extension, version 10.0
[    15.448] (==) Matched modesetting as autoconfigured driver 0
[    15.448] (==) Matched fbdev as autoconfigured driver 1
[    15.448] (==) Matched vesa as autoconfigured driver 2
[    15.448] (==) Assigned the driver to the xf86ConfigLayout
[    15.448] (II) LoadModule: "modesetting"
[    15.448] (II) Loading /usr/lib/xorg/modules/drivers/modesetting_drv.so
[    15.448] (II) Module modesetting: vendor="X.Org Foundation"
[    15.448] 	compiled for 1.20.13, module version = 1.20.13
[    15.449] 	Module class: X.Org Video Driver
[    15.449] 	ABI class: X.Org Video Driver, version 24.1
[    15.449] (II) LoadModule: "fbdev"
[    15.449] (II) Loading /usr/lib/xorg/modules/drivers/fbdev_drv.so
[    15.449] (II) Module fbdev: vendor="X.Org Foundation"
[    15.449] 	compiled for 1.20.1, module version = 0.5.0
[    15.449] 	Module class: X.Org Video Driver
[    15.449] 	ABI class: X.Org Video Driver, version 24.0
[    15.449] (II) LoadModule: "vesa"
[    15.449] (II) Loading /usr/lib/xorg/modules/drivers/vesa_drv.so
[    15.449] (II) Module vesa: vendor="X.Org Foundation"
[    15.449] 	compiled for 1.20.4, module version = 2.4.0
[    15.449] 	Module class: X.Org Video Driver
[    15.449] 	ABI class: X.Org Video Driver, version 24.0
[    15.449] (II) modesetting: Driver for Modesetting Kernel Drivers: kms
[    15.449] (II) FBDEV: driver for framebuffer: fbdev
[    15.449] (II) VESA: driver for VESA chipsets: vesa
[    15.449] xf86EnableIOPorts: failed to set IOPL for I/O (Operation not permitted)
[    15.449] (II) modeset(0): using drv /dev/dri/card0
[    15.449] (WW) Falling back to old probe method for fbdev
[    15.449] (II) Loading sub module "fbdevhw"
[    15.449] (II) LoadModule: "fbdevhw"
[    15.449] (II) Loading /usr/lib/xorg/modules/libfbdevhw.so
[    15.450] (II) Module fbdevhw: vendor="X.Org Foundation"
[    15.450] 	compiled for 1.20.13, module version = 0.0.2
[    15.450] 	ABI class: X.Org Video Driver, version 24.1
[    15.450] (EE) open /dev/fb0: Permission denied
[    15.450] (WW) VGA arbiter: cannot open kernel arbiter, no multi-card support
[    15.450] (II) modeset(0): Creating default Display subsection in Screen section
	"Default Screen Section" for depth/fbbpp 24/32
[    15.450] (==) modeset(0): Depth 24, (==) framebuffer bpp 32
[    15.450] (==) modeset(0): RGB weight 888
[    15.450] (==) modeset(0): Default visual is TrueColor
[    15.450] (II) Loading sub module "glamoregl"
[    15.450] (II) LoadModule: "glamoregl"
[    15.450] (II) Loading /usr/lib/xorg/modules/libglamoregl.so
[    15.452] (II) Module glamoregl: vendor="X.Org Foundation"
[    15.452] 	compiled for 1.20.13, module version = 1.0.1
[    15.452] 	ABI class: X.Org ANSI C Emulation, version 0.4
[    15.478] (II) modeset(0): glamor X acceleration enabled on Mesa Intel(R) UHD Graphics (ICL GT1)
[    15.478] (II) modeset(0): glamor initialized
[    15.480] (II) modeset(0): Output eDP-1 has no monitor section
[    15.480] (II) modeset(0): Output HDMI-1 has no monitor section
[    15.496] (II) modeset(0): Output DP-1 has no monitor section
[    15.508] (II) modeset(0): Output DP-2 has no monitor section
[    15.508] (II) modeset(0): Output DP-3 has no monitor section
[    15.508] (II) modeset(0): Output DP-4 has no monitor section
[    15.510] (II) modeset(0): EDID for output eDP-1
[    15.510] (II) modeset(0): Manufacturer: BOE  Model: 868  Serial#: 0
[    15.510] (II) modeset(0): Year: 2019  Week: 3
[    15.510] (II) modeset(0): EDID Version: 1.4
[    15.510] (II) modeset(0): Digital Display Input
[    15.510] (II) modeset(0): 6 bits per channel
[    15.510] (II) modeset(0): Digital interface is DisplayPort
[    15.510] (II) modeset(0): Max Image Size [cm]: horiz.: 31  vert.: 17
[    15.510] (II) modeset(0): Gamma: 2.20
[    15.510] (II) modeset(0): No DPMS capabilities specified
[    15.510] (II) modeset(0): Supported color encodings: RGB 4:4:4 
[    15.510] (II) modeset(0): First detailed timing is preferred mode
[    15.510] (II) modeset(0): Preferred mode is native pixel format and refresh rate
[    15.510] (II) modeset(0): Display is continuous-frequency
[    15.510] (II) modeset(0): redX: 0.590 redY: 0.350   greenX: 0.330 greenY: 0.555
[    15.510] (II) modeset(0): blueX: 0.153 blueY: 0.119   whiteX: 0.313 whiteY: 0.329
[    15.510] (II) modeset(0): Manufacturer's mask: 0
[    15.510] (II) modeset(0): Supported detailed timing:
[    15.510] (II) modeset(0): clock: 142.7 MHz   Image Size:  309 x 174 mm
[    15.510] (II) modeset(0): h_active: 1920  h_sync: 1968  h_sync_end 2000 h_blank_end 2124 h_border: 0
[    15.510] (II) modeset(0): v_active: 1080  v_sync: 1083  v_sync_end 1089 v_blanking: 1120 v_border: 0
[    15.510] (II) modeset(0): Supported detailed timing:
[    15.510] (II) modeset(0): clock: 95.2 MHz   Image Size:  309 x 174 mm
[    15.510] (II) modeset(0): h_active: 1920  h_sync: 1968  h_sync_end 2000 h_blank_end 2124 h_border: 0
[    15.510] (II) modeset(0): v_active: 1080  v_sync: 1083  v_sync_end 1089 v_blanking: 1120 v_border: 0
[    15.510] (II) modeset(0): Unknown vendor-specific block 2
[    15.510] (II) modeset(0): EDID (in hex):
[    15.510] (II) modeset(0): 	00ffffffffffff0009e5680800000000
[    15.510] (II) modeset(0): 	031d0104951f11780328659759548e27
[    15.510] (II) modeset(0): 	1e505400000001010101010101010101
[    15.510] (II) modeset(0): 	010101010101c23780cc703828403020
[    15.510] (II) modeset(0): 	360035ae1000001a2c2580cc70382840
[    15.510] (II) modeset(0): 	3020360035ae1000001a000000000000
[    15.510] (II) modeset(0): 	00000000000000000000000000000002
[    15.510] (II) modeset(0): 	000d40ff0a3c7d1611217d00000000ed
[    15.510] (II) modeset(0): Printing probed modes for output eDP-1
[    15.510] (II) modeset(0): Modeline "1920x1080"x60.0  142.74  1920 1968 2000 2124  1080 1083 1089 1120 +hsync -vsync (67.2 kHz eP)
[    15.510] (II) modeset(0): Modeline "1920x1080"x119.9  266.50  1920 1944 1960 2000  1080 1081 1084 1111 doublescan +hsync -vsync (133.2 kHz d)
[    15.510] (II) modeset(0): Modeline "1920x1080"x60.0  173.00  1920 2048 2248 2576  1080 1083 1088 1120 -hsync +vsync (67.2 kHz d)
[    15.510] (II) modeset(0): Modeline "1920x1080"x59.9  138.50  1920 1968 2000 2080  1080 1083 1088 1111 +hsync -vsync (66.6 kHz d)
[    15.510] (II) modeset(0): Modeline "1920x1080"x40.0   95.16  1920 1968 2000 2124  1080 1083 1089 1120 +hsync -vsync (44.8 kHz e)
[    15.510] (II) modeset(0): Modeline "1680x1050"x60.0  146.25  1680 1784 1960 2240  1050 1053 1059 1089 -hsync +vsync (65.3 kHz d)
[    15.510] (II) modeset(0): Modeline "1680x1050"x59.9  119.00  1680 1728 1760 1840  1050 1053 1059 1080 +hsync -vsync (64.7 kHz d)
[    15.510] (II) modeset(0): Modeline "1600x1024"x60.2  103.12  1600 1600 1656 1664  1024 1024 1029 1030 +hsync +vsync (62.0 kHz d)
[    15.510] (II) modeset(0): Modeline "1400x1050"x60.0  122.00  1400 1488 1640 1880  1050 1052 1064 1082 +hsync +vsync (64.9 kHz d)
[    15.510] (II) modeset(0): Modeline "1600x900"x120.0  246.00  1600 1728 1900 2200  900 901 904 932 doublescan -hsync +vsync (111.8 kHz d)
[    15.510] (II) modeset(0): Modeline "1600x900"x119.9  186.50  1600 1624 1640 1680  900 901 904 926 doublescan +hsync -vsync (111.0 kHz d)
[    15.510] (II) modeset(0): Modeline "1600x900"x59.9  118.25  1600 1696 1856 2112  900 903 908 934 -hsync +vsync (56.0 kHz d)
[    15.510] (II) modeset(0): Modeline "1600x900"x59.8   97.50  1600 1648 1680 1760  900 903 908 926 +hsync -vsync (55.4 kHz d)
[    15.510] (II) modeset(0): Modeline "1280x1024"x60.0  108.00  1280 1328 1440 1688  1024 1025 1028 1066 +hsync +vsync (64.0 kHz d)
[    15.510] (II) modeset(0): Modeline "1440x900"x59.9  106.50  1440 1520 1672 1904  900 903 909 934 -hsync +vsync (55.9 kHz d)
[    15.510] (II) modeset(0): Modeline "1400x900"x60.0  103.50  1400 1480 1624 1848  900 903 913 934 -hsync +vsync (56.0 kHz d)
[    15.510] (II) modeset(0): Modeline "1400x900"x59.9   86.50  1400 1448 1480 1560  900 903 913 926 +hsync -vsync (55.4 kHz d)
[    15.510] (II) modeset(0): Modeline "1280x960"x60.0  108.00  1280 1376 1488 1800  960 961 964 1000 +hsync +vsync (60.0 kHz d)
[    15.510] (II) modeset(0): Modeline "1440x810"x120.0  198.12  1440 1548 1704 1968  810 811 814 839 doublescan -hsync +vsync (100.7 kHz d)
[    15.510] (II) modeset(0): Modeline "1440x810"x119.9  151.88  1440 1464 1480 1520  810 811 814 833 doublescan +hsync -vsync (99.9 kHz d)
[    15.510] (II) modeset(0): Modeline "1368x768"x59.9   85.25  1368 1440 1576 1784  768 771 781 798 -hsync +vsync (47.8 kHz d)
[    15.510] (II) modeset(0): Modeline "1368x768"x59.9   72.25  1368 1416 1448 1528  768 771 781 790 +hsync -vsync (47.3 kHz d)
[    15.510] (II) modeset(0): Modeline "1360x768"x59.8   84.75  1360 1432 1568 1776  768 771 781 798 -hsync +vsync (47.7 kHz d)
[    15.510] (II) modeset(0): Modeline "1360x768"x60.0   72.00  1360 1408 1440 1520  768 771 781 790 +hsync -vsync (47.4 kHz d)
[    15.510] (II) modeset(0): Modeline "1280x800"x120.0  174.25  1280 1380 1516 1752  800 801 804 829 doublescan -hsync +vsync (99.5 kHz d)
[    15.510] (II) modeset(0): Modeline "1280x800"x119.9  134.25  1280 1304 1320 1360  800 801 804 823 doublescan +hsync -vsync (98.7 kHz d)
[    15.510] (II) modeset(0): Modeline "1280x800"x59.8   83.50  1280 1352 1480 1680  800 803 809 831 -hsync +vsync (49.7 kHz d)
[    15.510] (II) modeset(0): Modeline "1280x800"x59.9   71.00  1280 1328 1360 1440  800 803 809 823 +hsync -vsync (49.3 kHz d)
[    15.510] (II) modeset(0): Modeline "1152x864"x60.0   81.62  1152 1216 1336 1520  864 865 868 895 -hsync +vsync (53.7 kHz d)
[    15.510] (II) modeset(0): Modeline "1280x720"x120.0  156.12  1280 1376 1512 1744  720 721 724 746 doublescan -hsync +vsync (89.5 kHz d)
[    15.510] (II) modeset(0): Modeline "1280x720"x120.0  120.75  1280 1304 1320 1360  720 721 724 740 doublescan +hsync -vsync (88.8 kHz d)
[    15.510] (II) modeset(0): Modeline "1280x720"x59.9   74.50  1280 1344 1472 1664  720 723 728 748 -hsync +vsync (44.8 kHz d)
[    15.510] (II) modeset(0): Modeline "1280x720"x59.7   63.75  1280 1328 1360 1440  720 723 728 741 +hsync -vsync (44.3 kHz d)
[    15.510] (II) modeset(0): Modeline "1024x768"x120.1  133.47  1024 1100 1212 1400  768 768 770 794 doublescan -hsync +vsync (95.3 kHz d)
[    15.510] (II) modeset(0): Modeline "1024x768"x60.0   65.00  1024 1048 1184 1344  768 771 777 806 -hsync -vsync (48.4 kHz d)
[    15.510] (II) modeset(0): Modeline "960x720"x120.0  117.00  960 1024 1128 1300  720 720 722 750 doublescan -hsync +vsync (90.0 kHz d)
[    15.510] (II) modeset(0): Modeline "928x696"x120.1  109.15  928 976 1088 1264  696 696 698 719 doublescan -hsync +vsync (86.4 kHz d)
[    15.510] (II) modeset(0): Modeline "896x672"x120.0  102.40  896 960 1060 1224  672 672 674 697 doublescan -hsync +vsync (83.7 kHz d)
[    15.510] (II) modeset(0): Modeline "1024x576"x119.9   98.50  1024 1092 1200 1376  576 577 580 597 doublescan -hsync +vsync (71.6 kHz d)
[    15.510] (II) modeset(0): Modeline "1024x576"x119.9   78.38  1024 1048 1064 1104  576 577 580 592 doublescan +hsync -vsync (71.0 kHz d)
[    15.510] (II) modeset(0): Modeline "1024x576"x59.9   46.50  1024 1064 1160 1296  576 579 584 599 -hsync +vsync (35.9 kHz d)
[    15.510] (II) modeset(0): Modeline "1024x576"x59.8   42.00  1024 1072 1104 1184  576 579 584 593 +hsync -vsync (35.5 kHz d)
[    15.510] (II) modeset(0): Modeline "960x600"x119.9   96.62  960 1028 1128 1296  600 601 604 622 doublescan -hsync +vsync (74.6 kHz d)
[    15.510] (II) modeset(0): Modeline "960x600"x120.0   77.00  960 984 1000 1040  600 601 604 617 doublescan +hsync -vsync (74.0 kHz d)
[    15.510] (II) modeset(0): Modeline "960x540"x119.9   86.50  960 1024 1124 1288  540 541 544 560 doublescan -hsync +vsync (67.2 kHz d)
[    15.510] (II) modeset(0): Modeline "960x540"x120.0   69.25  960 984 1000 1040  540 541 544 555 doublescan +hsync -vsync (66.6 kHz d)
[    15.510] (II) modeset(0): Modeline "960x540"x59.6   40.75  960 992 1088 1216  540 543 548 562 -hsync +vsync (33.5 kHz d)
[    15.510] (II) modeset(0): Modeline "960x540"x59.8   37.25  960 1008 1040 1120  540 543 548 556 +hsync -vsync (33.3 kHz d)
[    15.510] (II) modeset(0): Modeline "800x600"x120.0   81.00  800 832 928 1080  600 600 602 625 doublescan +hsync +vsync (75.0 kHz d)
[    15.510] (II) modeset(0): Modeline "800x600"x60.3   40.00  800 840 968 1056  600 601 605 628 +hsync +vsync (37.9 kHz d)
[    15.510] (II) modeset(0): Modeline "800x600"x56.2   36.00  800 824 896 1024  600 601 603 625 +hsync +vsync (35.2 kHz d)
[    15.510] (II) modeset(0): Modeline "840x525"x120.0   73.12  840 892 980 1120  525 526 529 544 doublescan -hsync +vsync (65.3 kHz d)
[    15.510] (II) modeset(0): Modeline "840x525"x119.8   59.50  840 864 880 920  525 526 529 540 doublescan +hsync -vsync (64.7 kHz d)
[    15.510] (II) modeset(0): Modeline "864x486"x59.9   32.50  864 888 968 1072  486 489 494 506 -hsync +vsync (30.3 kHz d)
[    15.510] (II) modeset(0): Modeline "864x486"x59.6   30.50  864 912 944 1024  486 489 494 500 +hsync -vsync (29.8 kHz d)
[    15.510] (II) modeset(0): Modeline "800x512"x120.3   51.56  800 800 828 832  512 512 514 515 doublescan +hsync +vsync (62.0 kHz d)
[    15.510] (II) modeset(0): Modeline "700x525"x120.0   61.00  700 744 820 940  525 526 532 541 doublescan +hsync +vsync (64.9 kHz d)
[    15.510] (II) modeset(0): Modeline "800x450"x119.9   59.12  800 848 928 1056  450 451 454 467 doublescan -hsync +vsync (56.0 kHz d)
[    15.510] (II) modeset(0): Modeline "800x450"x119.6   48.75  800 824 840 880  450 451 454 463 doublescan +hsync -vsync (55.4 kHz d)
[    15.510] (II) modeset(0): Modeline "640x512"x120.0   54.00  640 664 720 844  512 512 514 533 doublescan +hsync +vsync (64.0 kHz d)
[    15.511] (II) modeset(0): Modeline "720x450"x119.8   53.25  720 760 836 952  450 451 454 467 doublescan -hsync +vsync (55.9 kHz d)
[    15.511] (II) modeset(0): Modeline "700x450"x119.9   51.75  700 740 812 924  450 451 456 467 doublescan -hsync +vsync (56.0 kHz d)
[    15.511] (II) modeset(0): Modeline "700x450"x119.8   43.25  700 724 740 780  450 451 456 463 doublescan +hsync -vsync (55.4 kHz d)
[    15.511] (II) modeset(0): Modeline "640x480"x120.0   54.00  640 688 744 900  480 480 482 500 doublescan +hsync +vsync (60.0 kHz d)
[    15.511] (II) modeset(0): Modeline "640x480"x59.9   25.18  640 656 752 800  480 490 492 525 -hsync -vsync (31.5 kHz d)
[    15.511] (II) modeset(0): Modeline "720x405"x59.5   22.50  720 744 808 896  405 408 413 422 -hsync +vsync (25.1 kHz d)
[    15.511] (II) modeset(0): Modeline "720x405"x59.0   21.75  720 768 800 880  405 408 413 419 +hsync -vsync (24.7 kHz d)
[    15.511] (II) modeset(0): Modeline "684x384"x119.8   42.62  684 720 788 892  384 385 390 399 doublescan -hsync +vsync (47.8 kHz d)
[    15.511] (II) modeset(0): Modeline "684x384"x119.7   36.12  684 708 724 764  384 385 390 395 doublescan +hsync -vsync (47.3 kHz d)
[    15.511] (II) modeset(0): Modeline "680x384"x119.6   42.38  680 716 784 888  384 385 390 399 doublescan -hsync +vsync (47.7 kHz d)
[    15.511] (II) modeset(0): Modeline "680x384"x119.9   36.00  680 704 720 760  384 385 390 395 doublescan +hsync -vsync (47.4 kHz d)
[    15.511] (II) modeset(0): Modeline "640x400"x119.8   41.75  640 676 740 840  400 401 404 415 doublescan -hsync +vsync (49.7 kHz d)
[    15.511] (II) modeset(0): Modeline "640x400"x120.0   35.50  640 664 680 720  400 401 404 411 doublescan +hsync -vsync (49.3 kHz d)
[    15.511] (II) modeset(0): Modeline "576x432"x120.1   40.81  576 608 668 760  432 432 434 447 doublescan -hsync +vsync (53.7 kHz d)
[    15.511] (II) modeset(0): Modeline "640x360"x119.7   37.25  640 672 736 832  360 361 364 374 doublescan -hsync +vsync (44.8 kHz d)
[    15.511] (II) modeset(0): Modeline "640x360"x119.7   31.88  640 664 680 720  360 361 364 370 doublescan +hsync -vsync (44.3 kHz d)
[    15.511] (II) modeset(0): Modeline "640x360"x59.8   18.00  640 664 720 800  360 363 368 376 -hsync +vsync (22.5 kHz d)
[    15.511] (II) modeset(0): Modeline "640x360"x59.3   17.75  640 688 720 800  360 363 368 374 +hsync -vsync (22.2 kHz d)
[    15.511] (II) modeset(0): Modeline "512x384"x120.0   32.50  512 524 592 672  384 385 388 403 doublescan -hsync -vsync (48.4 kHz d)
[    15.511] (II) modeset(0): Modeline "512x288"x120.0   23.25  512 532 580 648  288 289 292 299 doublescan -hsync +vsync (35.9 kHz d)
[    15.511] (II) modeset(0): Modeline "512x288"x119.8   21.00  512 536 552 592  288 289 292 296 doublescan +hsync -vsync (35.5 kHz d)
[    15.511] (II) modeset(0): Modeline "480x270"x119.3   20.38  480 496 544 608  270 271 274 281 doublescan -hsync +vsync (33.5 kHz d)
[    15.511] (II) modeset(0): Modeline "480x270"x119.6   18.62  480 504 520 560  270 271 274 278 doublescan +hsync -vsync (33.3 kHz d)
[    15.511] (II) modeset(0): Modeline "400x300"x120.6   20.00  400 420 484 528  300 300 302 314 doublescan +hsync +vsync (37.9 kHz d)
[    15.511] (II) modeset(0): Modeline "400x300"x112.7   18.00  400 412 448 512  300 300 301 312 doublescan +hsync +vsync (35.2 kHz d)
[    15.511] (II) modeset(0): Modeline "432x243"x119.8   16.25  432 444 484 536  243 244 247 253 doublescan -hsync +vsync (30.3 kHz d)
[    15.511] (II) modeset(0): Modeline "432x243"x119.1   15.25  432 456 472 512  243 244 247 250 doublescan +hsync -vsync (29.8 kHz d)
[    15.511] (II) modeset(0): Modeline "320x240"x120.1   12.59  320 328 376 400  240 245 246 262 doublescan -hsync -vsync (31.5 kHz d)
[    15.511] (II) modeset(0): Modeline "360x202"x119.0   11.25  360 372 404 448  202 204 206 211 doublescan -hsync +vsync (25.1 kHz d)
[    15.511] (II) modeset(0): Modeline "360x202"x118.3   10.88  360 384 400 440  202 204 206 209 doublescan +hsync -vsync (24.7 kHz d)
[    15.511] (II) modeset(0): Modeline "320x180"x119.7    9.00  320 332 360 400  180 181 184 188 doublescan -hsync +vsync (22.5 kHz d)
[    15.511] (II) modeset(0): Modeline "320x180"x118.6    8.88  320 344 360 400  180 181 184 187 doublescan +hsync -vsync (22.2 kHz d)
[    15.511] (II) modeset(0): EDID for output HDMI-1
[    15.524] (II) modeset(0): EDID for output DP-1
[    15.536] (II) modeset(0): EDID for output DP-2
[    15.536] (II) modeset(0): EDID for output DP-3
[    15.536] (II) modeset(0): EDID for output DP-4
[    15.536] (II) modeset(0): Output eDP-1 connected
[    15.536] (II) modeset(0): Output HDMI-1 disconnected
[    15.536] (II) modeset(0): Output DP-1 disconnected
[    15.536] (II) modeset(0): Output DP-2 disconnected
[    15.536] (II) modeset(0): Output DP-3 disconnected
[    15.536] (II) modeset(0): Output DP-4 disconnected
[    15.536] (II) modeset(0): Using exact sizes for initial modes
[    15.536] (II) modeset(0): Output eDP-1 using initial mode 1920x1080 +0+0
[    15.536] (==) modeset(0): Using gamma correction (1.0, 1.0, 1.0)
[    15.536] (==) modeset(0): DPI set to (96, 96)
[    15.536] (II) Loading sub module "fb"
[    15.536] (II) LoadModule: "fb"
[    15.536] (II) Loading /usr/lib/xorg/modules/libfb.so
[    15.537] (II) Module fb: vendor="X.Org Foundation"
[    15.537] 	compiled for 1.20.13, module version = 1.0.0
[    15.537] 	ABI class: X.Org ANSI C Emulation, version 0.4
[    15.537] (II) UnloadModule: "fbdev"
[    15.537] (II) Unloading fbdev
[    15.537] (II) UnloadSubModule: "fbdevhw"
[    15.537] (II) Unloading fbdevhw
[    15.537] (II) UnloadModule: "vesa"
[    15.537] (II) Unloading vesa
[    15.561] (==) modeset(0): Backing store enabled
[    15.561] (==) modeset(0): Silken mouse enabled
[    15.642] (II) modeset(0): Initializing kms color map for depth 24, 8 bpc.
[    15.642] (==) modeset(0): DPMS enabled
[    15.642] (II) modeset(0): [DRI2] Setup complete
[    15.642] (II) modeset(0): [DRI2]   DRI driver: iris
[    15.642] (II) modeset(0): [DRI2]   VDPAU driver: va_gl
[    15.642] (II) Initializing extension Generic Event Extension
[    15.642] (II) Initializing extension SHAPE
[    15.642] (II) Initializing extension MIT-SHM
[    15.642] (II) Initializing extension XInputExtension
[    15.643] (II) Initializing extension XTEST
[    15.643] (II) Initializing extension BIG-REQUESTS
[    15.643] (II) Initializing extension SYNC
[    15.643] (II) Initializing extension XKEYBOARD
[    15.643] (II) Initializing extension XC-MISC
[    15.644] (II) Initializing extension SECURITY
[    15.644] (II) Initializing extension XFIXES
[    15.644] (II) Initializing extension RENDER
[    15.644] (II) Initializing extension RANDR
[    15.644] (II) Initializing extension COMPOSITE
[    15.644] (II) Initializing extension DAMAGE
[    15.645] (II) Initializing extension MIT-SCREEN-SAVER
[    15.645] (II) Initializing extension DOUBLE-BUFFER
[    15.645] (II) Initializing extension RECORD
[    15.645] (II) Initializing extension DPMS
[    15.645] (II) Initializing extension Present
[    15.645] (II) Initializing extension DRI3
[    15.645] (II) Initializing extension X-Resource
[    15.645] (II) Initializing extension XVideo
[    15.646] (II) Initializing extension XVideo-MotionCompensation
[    15.646] (II) Initializing extension SELinux
[    15.646] (II) SELinux: Disabled on system
[    15.646] (II) Initializing extension GLX
[    15.656] (II) AIGLX: Loaded and initialized iris
[    15.656] (II) GLX: Initialized DRI2 GL provider for screen 0
[    15.656] (II) Initializing extension XFree86-VidModeExtension
[    15.657] (II) Initializing extension XFree86-DGA
[    15.657] (II) Initializing extension XFree86-DRI
[    15.657] (II) Initializing extension DRI2
[    15.658] (II) modeset(0): Damage tracking initialized
[    15.658] (II) modeset(0): Setting screen physical size to 508 x 285
[    15.682] (II) config/udev: Adding input device Power Button (/dev/input/event2)
[    15.682] (**) Power Button: Applying InputClass "libinput keyboard catchall"
[    15.682] (II) LoadModule: "libinput"
[    15.682] (II) Loading /usr/lib/xorg/modules/input/libinput_drv.so
[    15.684] (II) Module libinput: vendor="X.Org Foundation"
[    15.684] 	compiled for 1.20.4, module version = 0.29.0
[    15.684] 	Module class: X.Org XInput Driver
[    15.684] 	ABI class: X.Org XInput driver, version 24.1
[    15.684] (II) Using input driver 'libinput' for 'Power Button'
[    15.685] (II) systemd-logind: got fd for /dev/input/event2 13:66 fd 26 paused 0
[    15.685] (**) Power Button: always reports core events
[    15.685] (**) Option "Device" "/dev/input/event2"
[    15.685] (**) Option "_source" "server/udev"
[    15.686] (II) event2  - Power Button: is tagged by udev as: Keyboard
[    15.686] (II) event2  - Power Button: device is a keyboard
[    15.687] (II) event2  - Power Button: device removed
[    15.687] (**) Option "config_info" "udev:/sys/devices/LNXSYSTM:00/LNXPWRBN:00/input/input2/event2"
[    15.687] (II) XINPUT: Adding extended input device "Power Button" (type: KEYBOARD, id 6)
[    15.687] (**) Option "xkb_model" "pc105"
[    15.687] (**) Option "xkb_layout" "us"
[    15.687] (II) event2  - Power Button: is tagged by udev as: Keyboard
[    15.687] (II) event2  - Power Button: device is a keyboard
[    15.688] (II) config/udev: Adding input device Video Bus (/dev/input/event9)
[    15.688] (**) Video Bus: Applying InputClass "libinput keyboard catchall"
[    15.688] (II) Using input driver 'libinput' for 'Video Bus'
[    15.689] (II) systemd-logind: got fd for /dev/input/event9 13:73 fd 29 paused 0
[    15.689] (**) Video Bus: always reports core events
[    15.689] (**) Option "Device" "/dev/input/event9"
[    15.689] (**) Option "_source" "server/udev"
[    15.689] (II) event9  - Video Bus: is tagged by udev as: Keyboard
[    15.689] (II) event9  - Video Bus: device is a keyboard
[    15.689] (II) event9  - Video Bus: device removed
[    15.689] (**) Option "config_info" "udev:/sys/devices/LNXSYSTM:00/LNXSYBUS:00/PNP0A08:00/LNXVIDEO:00/input/input13/event9"
[    15.689] (II) XINPUT: Adding extended input device "Video Bus" (type: KEYBOARD, id 7)
[    15.689] (**) Option "xkb_model" "pc105"
[    15.689] (**) Option "xkb_layout" "us"
[    15.690] (II) event9  - Video Bus: is tagged by udev as: Keyboard
[    15.690] (II) event9  - Video Bus: device is a keyboard
[    15.691] (II) config/udev: Adding input device Power Button (/dev/input/event1)
[    15.691] (**) Power Button: Applying InputClass "libinput keyboard catchall"
[    15.691] (II) Using input driver 'libinput' for 'Power Button'
[    15.692] (II) systemd-logind: got fd for /dev/input/event1 13:65 fd 30 paused 0
[    15.693] (**) Power Button: always reports core events
[    15.693] (**) Option "Device" "/dev/input/event1"
[    15.693] (**) Option "_source" "server/udev"
[    15.693] (II) event1  - Power Button: is tagged by udev as: Keyboard
[    15.693] (II) event1  - Power Button: device is a keyboard
[    15.693] (II) event1  - Power Button: device removed
[    15.693] (**) Option "config_info" "udev:/sys/devices/LNXSYSTM:00/LNXSYBUS:00/PNP0C0C:00/input/input1/event1"
[    15.693] (II) XINPUT: Adding extended input device "Power Button" (type: KEYBOARD, id 8)
[    15.693] (**) Option "xkb_model" "pc105"
[    15.693] (**) Option "xkb_layout" "us"
[    15.694] (II) event1  - Power Button: is tagged by udev as: Keyboard
[    15.694] (II) event1  - Power Button: device is a keyboard
[    15.694] (II) config/udev: Adding input device Lid Switch (/dev/input/event0)
[    15.694] (II) No input driver specified, ignoring this device.
[    15.694] (II) This device may have been added with another device file.
[    15.695] (II) config/udev: Adding input device HP TrueVision HD Camera: HP Tru (/dev/input/event8)
[    15.695] (**) HP TrueVision HD Camera: HP Tru: Applying InputClass "libinput keyboard catchall"
[    15.695] (II) Using input driver 'libinput' for 'HP TrueVision HD Camera: HP Tru'
[    15.696] (II) systemd-logind: got fd for /dev/input/event8 13:72 fd 31 paused 0
[    15.696] (**) HP TrueVision HD Camera: HP Tru: always reports core events
[    15.696] (**) Option "Device" "/dev/input/event8"
[    15.696] (**) Option "_source" "server/udev"
[    15.697] (II) event8  - HP TrueVision HD Camera: HP Tru: is tagged by udev as: Keyboard
[    15.697] (II) event8  - HP TrueVision HD Camera: HP Tru: device is a keyboard
[    15.697] (II) event8  - HP TrueVision HD Camera: HP Tru: device removed
[    15.697] (**) Option "config_info" "udev:/sys/devices/pci0000:00/0000:00:14.0/usb1/1-6/1-6:1.0/input/input12/event8"
[    15.697] (II) XINPUT: Adding extended input device "HP TrueVision HD Camera: HP Tru" (type: KEYBOARD, id 9)
[    15.697] (**) Option "xkb_model" "pc105"
[    15.697] (**) Option "xkb_layout" "us"
[    15.698] (II) event8  - HP TrueVision HD Camera: HP Tru: is tagged by udev as: Keyboard
[    15.698] (II) event8  - HP TrueVision HD Camera: HP Tru: device is a keyboard
[    15.698] (II) config/udev: Adding input device ELAN0703:01 04F3:31BF Touchpad (/dev/input/event7)
[    15.698] (**) ELAN0703:01 04F3:31BF Touchpad: Applying InputClass "libinput touchpad catchall"
[    15.698] (II) Using input driver 'libinput' for 'ELAN0703:01 04F3:31BF Touchpad'
[    15.699] (II) systemd-logind: got fd for /dev/input/event7 13:71 fd 32 paused 0
[    15.699] (**) ELAN0703:01 04F3:31BF Touchpad: always reports core events
[    15.699] (**) Option "Device" "/dev/input/event7"
[    15.699] (**) Option "_source" "server/udev"
[    15.700] (II) event7  - ELAN0703:01 04F3:31BF Touchpad: is tagged by udev as: Touchpad
[    15.701] (II) event7  - ELAN0703:01 04F3:31BF Touchpad: device is a touchpad
[    15.701] (II) event7  - ELAN0703:01 04F3:31BF Touchpad: device removed
[    15.701] (**) Option "config_info" "udev:/sys/devices/pci0000:00/0000:00:15.0/i2c_designware.0/i2c-1/i2c-ELAN0703:01/0018:04F3:31BF.0001/input/input11/event7"
[    15.701] (II) XINPUT: Adding extended input device "ELAN0703:01 04F3:31BF Touchpad" (type: TOUCHPAD, id 10)
[    15.702] (**) Option "AccelerationScheme" "none"
[    15.702] (**) ELAN0703:01 04F3:31BF Touchpad: (accel) selected scheme none/0
[    15.702] (**) ELAN0703:01 04F3:31BF Touchpad: (accel) acceleration factor: 2.000
[    15.702] (**) ELAN0703:01 04F3:31BF Touchpad: (accel) acceleration threshold: 4
[    15.703] (II) event7  - ELAN0703:01 04F3:31BF Touchpad: is tagged by udev as: Touchpad
[    15.704] (II) event7  - ELAN0703:01 04F3:31BF Touchpad: device is a touchpad
[    15.705] (II) config/udev: Adding input device ELAN0703:01 04F3:31BF Touchpad (/dev/input/mouse1)
[    15.705] (II) No input driver specified, ignoring this device.
[    15.705] (II) This device may have been added with another device file.
[    15.705] (II) config/udev: Adding input device ELAN0703:01 04F3:31BF Mouse (/dev/input/event5)
[    15.705] (**) ELAN0703:01 04F3:31BF Mouse: Applying InputClass "libinput pointer catchall"
[    15.705] (II) Using input driver 'libinput' for 'ELAN0703:01 04F3:31BF Mouse'
[    15.706] (II) systemd-logind: got fd for /dev/input/event5 13:69 fd 33 paused 0
[    15.706] (**) ELAN0703:01 04F3:31BF Mouse: always reports core events
[    15.706] (**) Option "Device" "/dev/input/event5"
[    15.706] (**) Option "_source" "server/udev"
[    15.707] (II) event5  - ELAN0703:01 04F3:31BF Mouse: is tagged by udev as: Mouse Pointingstick
[    15.707] (II) event5  - ELAN0703:01 04F3:31BF Mouse: device is a pointer
[    15.708] (II) event5  - ELAN0703:01 04F3:31BF Mouse: device removed
[    15.708] (**) Option "config_info" "udev:/sys/devices/pci0000:00/0000:00:15.0/i2c_designware.0/i2c-1/i2c-ELAN0703:01/0018:04F3:31BF.0001/input/input9/event5"
[    15.708] (II) XINPUT: Adding extended input device "ELAN0703:01 04F3:31BF Mouse" (type: MOUSE, id 11)
[    15.708] (**) Option "AccelerationScheme" "none"
[    15.708] (**) ELAN0703:01 04F3:31BF Mouse: (accel) selected scheme none/0
[    15.708] (**) ELAN0703:01 04F3:31BF Mouse: (accel) acceleration factor: 2.000
[    15.708] (**) ELAN0703:01 04F3:31BF Mouse: (accel) acceleration threshold: 4
[    15.709] (II) event5  - ELAN0703:01 04F3:31BF Mouse: is tagged by udev as: Mouse Pointingstick
[    15.709] (II) event5  - ELAN0703:01 04F3:31BF Mouse: device is a pointer
[    15.710] (II) config/udev: Adding input device ELAN0703:01 04F3:31BF Mouse (/dev/input/mouse0)
[    15.710] (II) No input driver specified, ignoring this device.
[    15.710] (II) This device may have been added with another device file.
[    15.710] (II) config/udev: Adding input device HDA Intel PCH Mic (/dev/input/event10)
[    15.710] (II) No input driver specified, ignoring this device.
[    15.710] (II) This device may have been added with another device file.
[    15.710] (II) config/udev: Adding input device HDA Intel PCH Headphone (/dev/input/event11)
[    15.710] (II) No input driver specified, ignoring this device.
[    15.710] (II) This device may have been added with another device file.
[    15.711] (II) config/udev: Adding input device HDA Intel PCH HDMI/DP,pcm=3 (/dev/input/event12)
[    15.711] (II) No input driver specified, ignoring this device.
[    15.711] (II) This device may have been added with another device file.
[    15.711] (II) config/udev: Adding input device HDA Intel PCH HDMI/DP,pcm=7 (/dev/input/event13)
[    15.711] (II) No input driver specified, ignoring this device.
[    15.711] (II) This device may have been added with another device file.
[    15.711] (II) config/udev: Adding input device HDA Intel PCH HDMI/DP,pcm=8 (/dev/input/event14)
[    15.711] (II) No input driver specified, ignoring this device.
[    15.711] (II) This device may have been added with another device file.
[    15.712] (II) config/udev: Adding input device HDA Intel PCH HDMI/DP,pcm=9 (/dev/input/event15)
[    15.712] (II) No input driver specified, ignoring this device.
[    15.712] (II) This device may have been added with another device file.
[    15.712] (II) config/udev: Adding input device HDA Intel PCH HDMI/DP,pcm=10 (/dev/input/event16)
[    15.712] (II) No input driver specified, ignoring this device.
[    15.712] (II) This device may have been added with another device file.
[    15.712] (II) config/udev: Adding input device HDA Intel PCH HDMI/DP,pcm=11 (/dev/input/event17)
[    15.712] (II) No input driver specified, ignoring this device.
[    15.712] (II) This device may have been added with another device file.
[    15.713] (II) config/udev: Adding input device HDA Intel PCH HDMI/DP,pcm=12 (/dev/input/event18)
[    15.713] (II) No input driver specified, ignoring this device.
[    15.713] (II) This device may have been added with another device file.
[    15.713] (II) config/udev: Adding input device AT Translated Set 2 keyboard (/dev/input/event3)
[    15.713] (**) AT Translated Set 2 keyboard: Applying InputClass "libinput keyboard catchall"
[    15.713] (II) Using input driver 'libinput' for 'AT Translated Set 2 keyboard'
[    15.714] (II) systemd-logind: got fd for /dev/input/event3 13:67 fd 34 paused 0
[    15.714] (**) AT Translated Set 2 keyboard: always reports core events
[    15.714] (**) Option "Device" "/dev/input/event3"
[    15.714] (**) Option "_source" "server/udev"
[    15.715] (II) event3  - AT Translated Set 2 keyboard: is tagged by udev as: Keyboard
[    15.715] (II) event3  - AT Translated Set 2 keyboard: device is a keyboard
[    15.715] (II) event3  - AT Translated Set 2 keyboard: device removed
[    15.715] (**) Option "config_info" "udev:/sys/devices/platform/i8042/serio0/input/input3/event3"
[    15.715] (II) XINPUT: Adding extended input device "AT Translated Set 2 keyboard" (type: KEYBOARD, id 12)
[    15.715] (**) Option "xkb_model" "pc105"
[    15.715] (**) Option "xkb_layout" "us"
[    15.716] (II) event3  - AT Translated Set 2 keyboard: is tagged by udev as: Keyboard
[    15.716] (II) event3  - AT Translated Set 2 keyboard: device is a keyboard
[    15.718] (II) config/udev: Adding input device HP Wireless hotkeys (/dev/input/event6)
[    15.718] (**) HP Wireless hotkeys: Applying InputClass "libinput keyboard catchall"
[    15.718] (II) Using input driver 'libinput' for 'HP Wireless hotkeys'
[    15.719] (II) systemd-logind: got fd for /dev/input/event6 13:70 fd 35 paused 0
[    15.719] (**) HP Wireless hotkeys: always reports core events
[    15.719] (**) Option "Device" "/dev/input/event6"
[    15.719] (**) Option "_source" "server/udev"
[    15.720] (II) event6  - HP Wireless hotkeys: is tagged by udev as: Keyboard
[    15.720] (II) event6  - HP Wireless hotkeys: device is a keyboard
[    15.720] (II) event6  - HP Wireless hotkeys: device removed
[    15.720] (**) Option "config_info" "udev:/sys/devices/virtual/input/input7/event6"
[    15.720] (II) XINPUT: Adding extended input device "HP Wireless hotkeys" (type: KEYBOARD, id 13)
[    15.720] (**) Option "xkb_model" "pc105"
[    15.720] (**) Option "xkb_layout" "us"
[    15.720] (II) event6  - HP Wireless hotkeys: is tagged by udev as: Keyboard
[    15.720] (II) event6  - HP Wireless hotkeys: device is a keyboard
[    15.721] (II) config/udev: Adding input device HP WMI hotkeys (/dev/input/event4)
[    15.721] (**) HP WMI hotkeys: Applying InputClass "libinput keyboard catchall"
[    15.721] (II) Using input driver 'libinput' for 'HP WMI hotkeys'
[    15.721] (II) systemd-logind: got fd for /dev/input/event4 13:68 fd 36 paused 0
[    15.721] (**) HP WMI hotkeys: always reports core events
[    15.721] (**) Option "Device" "/dev/input/event4"
[    15.721] (**) Option "_source" "server/udev"
[    15.722] (II) event4  - HP WMI hotkeys: is tagged by udev as: Keyboard Switch
[    15.722] (II) event4  - HP WMI hotkeys: device is a keyboard
[    15.722] (II) event4  - HP WMI hotkeys: device removed
[    15.722] (**) Option "config_info" "udev:/sys/devices/virtual/input/input8/event4"
[    15.722] (II) XINPUT: Adding extended input device "HP WMI hotkeys" (type: KEYBOARD, id 14)
[    15.722] (**) Option "xkb_model" "pc105"
[    15.722] (**) Option "xkb_layout" "us"
[    15.723] (II) event4  - HP WMI hotkeys: is tagged by udev as: Keyboard Switch
[    15.723] (II) event4  - HP WMI hotkeys: device is a keyboard
[    16.223] (II) modeset(0): EDID vendor "BOE", prod id 2152
[    16.223] (II) modeset(0): Printing DDC gathered Modelines:
[    16.223] (II) modeset(0): Modeline "1920x1080"x0.0  142.74  1920 1968 2000 2124  1080 1083 1089 1120 +hsync -vsync (67.2 kHz eP)
[    16.223] (II) modeset(0): Modeline "1920x1080"x0.0   95.16  1920 1968 2000 2124  1080 1083 1089 1120 +hsync -vsync (44.8 kHz e)
[    16.315] (II) modeset(0): Allocate new frame buffer 2560x1440 stride
[    17.501] (II) modeset(0): EDID vendor "BOE", prod id 2152
[    17.502] (II) modeset(0): Printing DDC gathered Modelines:
[    17.502] (II) modeset(0): Modeline "1920x1080"x0.0  142.74  1920 1968 2000 2124  1080 1083 1089 1120 +hsync -vsync (67.2 kHz eP)
[    17.502] (II) modeset(0): Modeline "1920x1080"x0.0   95.16  1920 1968 2000 2124  1080 1083 1089 1120 +hsync -vsync (44.8 kHz e)
[ 12094.913] (EE) event7  - ELAN0703:01 04F3:31BF Touchpad: kernel bug: Touch jump detected and discarded.
See https://wayland.freedesktop.org/libinput/doc/1.15.5/touchpad-jumping-cursors.html for details
[ 12443.632] (EE) event7  - ELAN0703:01 04F3:31BF Touchpad: kernel bug: Touch jump detected and discarded.
See https://wayland.freedesktop.org/libinput/doc/1.15.5/touchpad-jumping-cursors.html for details
[ 21552.316] (II) modeset(0): EDID vendor "BOE", prod id 2152
[ 21552.316] (II) modeset(0): Printing DDC gathered Modelines:
[ 21552.316] (II) modeset(0): Modeline "1920x1080"x0.0  142.74  1920 1968 2000 2124  1080 1083 1089 1120 +hsync -vsync (67.2 kHz eP)
[ 21552.316] (II) modeset(0): Modeline "1920x1080"x0.0   95.16  1920 1968 2000 2124  1080 1083 1089 1120 +hsync -vsync (44.8 kHz e)
[ 21583.741] (II) modeset(0): EDID vendor "BOE", prod id 2152
[ 21583.741] (II) modeset(0): Printing DDC gathered Modelines:
[ 21583.741] (II) modeset(0): Modeline "1920x1080"x0.0  142.74  1920 1968 2000 2124  1080 1083 1089 1120 +hsync -vsync (67.2 kHz eP)
[ 21583.741] (II) modeset(0): Modeline "1920x1080"x0.0   95.16  1920 1968 2000 2124  1080 1083 1089 1120 +hsync -vsync (44.8 kHz e)
[ 21592.802] (II) modeset(0): EDID vendor "BOE", prod id 2152
[ 21592.802] (II) modeset(0): Printing DDC gathered Modelines:
[ 21592.802] (II) modeset(0): Modeline "1920x1080"x0.0  142.74  1920 1968 2000 2124  1080 1083 1089 1120 +hsync -vsync (67.2 kHz eP)
[ 21592.802] (II) modeset(0): Modeline "1920x1080"x0.0   95.16  1920 1968 2000 2124  1080 1083 1089 1120 +hsync -vsync (44.8 kHz e)
[ 21647.373] (**) Option "fd" "26"
[ 21647.373] (II) event2  - Power Button: device removed
[ 21647.374] (**) Option "fd" "29"
[ 21647.374] (II) event9  - Video Bus: device removed
[ 21647.374] (**) Option "fd" "30"
[ 21647.374] (II) event1  - Power Button: device removed
[ 21647.375] (**) Option "fd" "31"
[ 21647.375] (II) event8  - HP TrueVision HD Camera: HP Tru: device removed
[ 21647.376] (**) Option "fd" "32"
[ 21647.376] (II) event7  - ELAN0703:01 04F3:31BF Touchpad: device removed
[ 21647.376] (**) Option "fd" "33"
[ 21647.376] (II) event5  - ELAN0703:01 04F3:31BF Mouse: device removed
[ 21647.377] (**) Option "fd" "34"
[ 21647.377] (II) event3  - AT Translated Set 2 keyboard: device removed
[ 21647.377] (**) Option "fd" "35"
[ 21647.377] (II) event6  - HP Wireless hotkeys: device removed
[ 21647.378] (**) Option "fd" "36"
[ 21647.378] (II) event4  - HP WMI hotkeys: device removed
[ 21647.379] (II) AIGLX: Suspending AIGLX clients for VT switch
[ 21647.465] (II) systemd-logind: got pause for 226:0
[ 21647.465] (II) systemd-logind: got pause for 13:70
[ 21647.466] (II) systemd-logind: got pause for 13:73
[ 21647.466] (II) systemd-logind: got pause for 13:65
[ 21647.466] (II) systemd-logind: got pause for 13:67
[ 21647.466] (II) systemd-logind: got pause for 13:71
[ 21647.466] (II) systemd-logind: got pause for 13:66
[ 21647.466] (II) systemd-logind: got pause for 13:68
[ 21647.466] (II) systemd-logind: got pause for 13:72
[ 21647.466] (II) systemd-logind: got pause for 13:69
[ 21691.634] (II) systemd-logind: got resume for 226:0
[ 21691.634] (II) AIGLX: Resuming AIGLX clients after VT switch
[ 21691.662] (II) modeset(0): EDID vendor "BOE", prod id 2152
[ 21691.662] (II) modeset(0): Printing DDC gathered Modelines:
[ 21691.662] (II) modeset(0): Modeline "1920x1080"x0.0  142.74  1920 1968 2000 2124  1080 1083 1089 1120 +hsync -vsync (67.2 kHz eP)
[ 21691.662] (II) modeset(0): Modeline "1920x1080"x0.0   95.16  1920 1968 2000 2124  1080 1083 1089 1120 +hsync -vsync (44.8 kHz e)
[ 21691.758] (II) modeset(0): EDID vendor "BOE", prod id 2152
[ 21691.758] (II) modeset(0): Printing DDC gathered Modelines:
[ 21691.758] (II) modeset(0): Modeline "1920x1080"x0.0  142.74  1920 1968 2000 2124  1080 1083 1089 1120 +hsync -vsync (67.2 kHz eP)
[ 21691.758] (II) modeset(0): Modeline "1920x1080"x0.0   95.16  1920 1968 2000 2124  1080 1083 1089 1120 +hsync -vsync (44.8 kHz e)
[ 21691.808] (II) systemd-logind: got resume for 13:70
[ 21691.809] (II) event6  - HP Wireless hotkeys: is tagged by udev as: Keyboard
[ 21691.810] (II) event6  - HP Wireless hotkeys: device is a keyboard
[ 21691.810] (II) systemd-logind: got resume for 13:73
[ 21691.811] (II) event9  - Video Bus: is tagged by udev as: Keyboard
[ 21691.811] (II) event9  - Video Bus: device is a keyboard
[ 21691.812] (II) systemd-logind: got resume for 13:65
[ 21691.812] (II) event1  - Power Button: is tagged by udev as: Keyboard
[ 21691.812] (II) event1  - Power Button: device is a keyboard
[ 21691.812] (II) systemd-logind: got resume for 13:67
[ 21691.813] (II) event3  - AT Translated Set 2 keyboard: is tagged by udev as: Keyboard
[ 21691.813] (II) event3  - AT Translated Set 2 keyboard: device is a keyboard
[ 21691.814] (II) systemd-logind: got resume for 13:71
[ 21691.815] (II) event7  - ELAN0703:01 04F3:31BF Touchpad: is tagged by udev as: Touchpad
[ 21691.816] (II) event7  - ELAN0703:01 04F3:31BF Touchpad: device is a touchpad
[ 21691.816] (II) systemd-logind: got resume for 13:66
[ 21691.817] (II) event2  - Power Button: is tagged by udev as: Keyboard
[ 21691.817] (II) event2  - Power Button: device is a keyboard
[ 21691.817] (II) systemd-logind: got resume for 13:68
[ 21691.818] (II) event4  - HP WMI hotkeys: is tagged by udev as: Keyboard Switch
[ 21691.818] (II) event4  - HP WMI hotkeys: device is a keyboard
[ 21691.818] (II) systemd-logind: got resume for 13:72
[ 21691.819] (II) event8  - HP TrueVision HD Camera: HP Tru: is tagged by udev as: Keyboard
[ 21691.819] (II) event8  - HP TrueVision HD Camera: HP Tru: device is a keyboard
[ 21691.820] (II) systemd-logind: got resume for 13:69
[ 21691.820] (II) event5  - ELAN0703:01 04F3:31BF Mouse: is tagged by udev as: Mouse Pointingstick
[ 21691.821] (II) event5  - ELAN0703:01 04F3:31BF Mouse: device is a pointer
[ 21791.953] (II) modeset(0): EDID vendor "BOE", prod id 2152
[ 21791.953] (II) modeset(0): Printing DDC gathered Modelines:
[ 21791.953] (II) modeset(0): Modeline "1920x1080"x0.0  142.74  1920 1968 2000 2124  1080 1083 1089 1120 +hsync -vsync (67.2 kHz eP)
[ 21791.953] (II) modeset(0): Modeline "1920x1080"x0.0   95.16  1920 1968 2000 2124  1080 1083 1089 1120 +hsync -vsync (44.8 kHz e)
[ 21801.408] (II) modeset(0): EDID vendor "BOE", prod id 2152
[ 21801.408] (II) modeset(0): Printing DDC gathered Modelines:
[ 21801.408] (II) modeset(0): Modeline "1920x1080"x0.0  142.74  1920 1968 2000 2124  1080 1083 1089 1120 +hsync -vsync (67.2 kHz eP)
[ 21801.408] (II) modeset(0): Modeline "1920x1080"x0.0   95.16  1920 1968 2000 2124  1080 1083 1089 1120 +hsync -vsync (44.8 kHz e)
[ 21818.717] (EE) client bug: timer event7 keyboard: scheduled expiry is in the past (-3459ms), your system is too slow
[ 21936.108] (II) modeset(0): EDID vendor "BOE", prod id 2152
[ 21936.108] (II) modeset(0): Printing DDC gathered Modelines:
[ 21936.108] (II) modeset(0): Modeline "1920x1080"x0.0  142.74  1920 1968 2000 2124  1080 1083 1089 1120 +hsync -vsync (67.2 kHz eP)
[ 21936.108] (II) modeset(0): Modeline "1920x1080"x0.0   95.16  1920 1968 2000 2124  1080 1083 1089 1120 +hsync -vsync (44.8 kHz e)
[ 36462.198] (II) modeset(0): EDID vendor "BOE", prod id 2152
[ 36462.198] (II) modeset(0): Printing DDC gathered Modelines:
[ 36462.198] (II) modeset(0): Modeline "1920x1080"x0.0  142.74  1920 1968 2000 2124  1080 1083 1089 1120 +hsync -vsync (67.2 kHz eP)
[ 36462.198] (II) modeset(0): Modeline "1920x1080"x0.0   95.16  1920 1968 2000 2124  1080 1083 1089 1120 +hsync -vsync (44.8 kHz e)
[ 39923.445] (EE) event7  - ELAN0703:01 04F3:31BF Touchpad: kernel bug: Touch jump detected and discarded.
See https://wayland.freedesktop.org/libinput/doc/1.15.5/touchpad-jumping-cursors.html for details
[ 41052.717] (EE) event7  - ELAN0703:01 04F3:31BF Touchpad: kernel bug: Touch jump detected and discarded.
See https://wayland.freedesktop.org/libinput/doc/1.15.5/touchpad-jumping-cursors.html for details
[ 67441.678] (EE) event7  - ELAN0703:01 04F3:31BF Touchpad: kernel bug: Touch jump detected and discarded.
See https://wayland.freedesktop.org/libinput/doc/1.15.5/touchpad-jumping-cursors.html for details
[ 76837.454] (EE) event7  - ELAN0703:01 04F3:31BF Touchpad: kernel bug: Touch jump detected and discarded.
See https://wayland.freedesktop.org/libinput/doc/1.15.5/touchpad-jumping-cursors.html for details
[ 83194.167] (EE) event7  - ELAN0703:01 04F3:31BF Touchpad: kernel bug: Touch jump detected and discarded.
See https://wayland.freedesktop.org/libinput/doc/1.15.5/touchpad-jumping-cursors.html for details
